<?xml version="1.0" encoding="UTF-8"?>
<!-- Generated by org.testng.reporters.JUnitReportReporter -->
<testsuite skipped="0" hostname="KunalMalik" name="restAssured.Second" tests="1" failures="0" timestamp="09 Aug 2018 01:40:50 GMT" time="5.546" errors="0">
  <testcase name="testXPath1" time="5.546" classname="restAssured.Second"/>
</testsuite> <!-- restAssured.Second -->
